#
# There is insufficient memory for the Java Runtime Environment to continue.
# Native memory allocation (malloc) failed to allocate 716177408 bytes for committing reserved memory.
# Possible reasons:
#   The system is out of physical RAM or swap space
#   In 32 bit mode, the process size limit was hit
# Possible solutions:
#   Reduce memory load on the system
#   Increase physical memory or swap space
#   Check if swap backing store is full
#   Use 64 bit Java on a 64 bit OS
#   Decrease Java heap size (-Xmx/-Xms)
#   Decrease number of Java threads
#   Decrease Java thread stack sizes (-Xss)
#   Set larger code cache with -XX:ReservedCodeCacheSize=
# This output file may be truncated or incomplete.
#
#  Out of Memory Error (os_linux.cpp:2756), pid=32179, tid=139720219158272
#
# JRE version:  (7.0_80-b15) (build )
# Java VM: Java HotSpot(TM) 64-Bit Server VM (24.80-b11 mixed mode linux-amd64 compressed oops)
# Failed to write core dump. Core dumps have been disabled. To enable core dumping, try "ulimit -c unlimited" before starting Java again
#

---------------  T H R E A D  ---------------

Current thread (0x00007f132000a000):  JavaThread "Unknown thread" [_thread_in_vm, id=32224, stack(0x00007f1325f7e000,0x00007f132607f000)]

Stack: [0x00007f1325f7e000,0x00007f132607f000],  sp=0x00007f132607d230,  free space=1020k
Native frames: (J=compiled Java code, j=interpreted, Vv=VM code, C=native code)
V  [libjvm.so+0x9a320a]  VMError::report_and_die()+0x2ea
V  [libjvm.so+0x498d3b]  report_vm_out_of_memory(char const*, int, unsigned long, char const*)+0x9b
V  [libjvm.so+0x82191e]  os::Linux::commit_memory_impl(char*, unsigned long, bool)+0xfe
V  [libjvm.so+0x821e69]  os::pd_commit_memory(char*, unsigned long, unsigned long, bool)+0x29
V  [libjvm.so+0x81bb6a]  os::commit_memory(char*, unsigned long, unsigned long, bool)+0x2a
V  [libjvm.so+0x88d623]  PSVirtualSpace::expand_by(unsigned long)+0x53
V  [libjvm.so+0x87c293]  PSOldGen::initialize(ReservedSpace, unsigned long, char const*, int)+0x103
V  [libjvm.so+0x29ace3]  AdjoiningGenerations::AdjoiningGenerations(ReservedSpace, unsigned long, unsigned long, unsigned long, unsigned long, unsigned long, unsigned long, unsigned long)+0x3e3
V  [libjvm.so+0x843215]  ParallelScavengeHeap::initialize()+0x4d5
V  [libjvm.so+0x97509a]  Universe::initialize_heap()+0xca
V  [libjvm.so+0x976269]  universe_init()+0x79
V  [libjvm.so+0x5b2f25]  init_globals()+0x65
V  [libjvm.so+0x95db4d]  Threads::create_vm(JavaVMInitArgs*, bool*)+0x1ed
V  [libjvm.so+0x63b2e4]  JNI_CreateJavaVM+0x74
C  [libjli.so+0x2f8e]  JavaMain+0x9e


---------------  P R O C E S S  ---------------

Java Threads: ( => current thread )

Other Threads:

=>0x00007f132000a000 (exited) JavaThread "Unknown thread" [_thread_in_vm, id=32224, stack(0x00007f1325f7e000,0x00007f132607f000)]

VM state:not at safepoint (not fully initialized)

VM Mutex/Monitor currently owned by a thread: None

GC Heap History (0 events):
No events

Deoptimization events (0 events):
No events

Internal exceptions (0 events):
No events

Events (0 events):
No events


Dynamic libraries:
00400000-00401000 r-xp 00000000 08:02 547143                             /usr/lib/jvm/java-7-oracle/jre/bin/java
00600000-00601000 rw-p 00000000 08:02 547143                             /usr/lib/jvm/java-7-oracle/jre/bin/java
01a85000-01aa6000 rw-p 00000000 00:00 0                                  [heap]
aff80000-bff80000 rw-p 00000000 00:00 0 
eaa80000-100000000 rw-p 00000000 00:00 0 
7f131bd85000-7f131bef2000 rw-p 00000000 00:00 0 
7f131bef2000-7f131c0c7000 rw-p 00000000 00:00 0 
7f131c0c7000-7f131c173000 rw-p 00000000 00:00 0 
7f131c173000-7f131c3e3000 rwxp 00000000 00:00 0 
7f131c3e3000-7f131f173000 rw-p 00000000 00:00 0 
7f131f173000-7f131f18a000 r-xp 00000000 08:02 684590                     /usr/lib/jvm/java-7-oracle/jre/lib/amd64/libzip.so
7f131f18a000-7f131f38a000 ---p 00017000 08:02 684590                     /usr/lib/jvm/java-7-oracle/jre/lib/amd64/libzip.so
7f131f38a000-7f131f38b000 rw-p 00017000 08:02 684590                     /usr/lib/jvm/java-7-oracle/jre/lib/amd64/libzip.so
7f131f38b000-7f131f396000 r-xp 00000000 08:02 130815                     /lib/x86_64-linux-gnu/libnss_files-2.19.so
7f131f396000-7f131f595000 ---p 0000b000 08:02 130815                     /lib/x86_64-linux-gnu/libnss_files-2.19.so
7f131f595000-7f131f596000 r--p 0000a000 08:02 130815                     /lib/x86_64-linux-gnu/libnss_files-2.19.so
7f131f596000-7f131f597000 rw-p 0000b000 08:02 130815                     /lib/x86_64-linux-gnu/libnss_files-2.19.so
7f131f597000-7f131f5a2000 r-xp 00000000 08:02 130891                     /lib/x86_64-linux-gnu/libnss_nis-2.19.so
7f131f5a2000-7f131f7a1000 ---p 0000b000 08:02 130891                     /lib/x86_64-linux-gnu/libnss_nis-2.19.so
7f131f7a1000-7f131f7a2000 r--p 0000a000 08:02 130891                     /lib/x86_64-linux-gnu/libnss_nis-2.19.so
7f131f7a2000-7f131f7a3000 rw-p 0000b000 08:02 130891                     /lib/x86_64-linux-gnu/libnss_nis-2.19.so
7f131f7a3000-7f131f7ba000 r-xp 00000000 08:02 130833                     /lib/x86_64-linux-gnu/libnsl-2.19.so
7f131f7ba000-7f131f9b9000 ---p 00017000 08:02 130833                     /lib/x86_64-linux-gnu/libnsl-2.19.so
7f131f9b9000-7f131f9ba000 r--p 00016000 08:02 130833                     /lib/x86_64-linux-gnu/libnsl-2.19.so
7f131f9ba000-7f131f9bb000 rw-p 00017000 08:02 130833                     /lib/x86_64-linux-gnu/libnsl-2.19.so
7f131f9bb000-7f131f9bd000 rw-p 00000000 00:00 0 
7f131f9bd000-7f131f9c6000 r-xp 00000000 08:02 130831                     /lib/x86_64-linux-gnu/libnss_compat-2.19.so
7f131f9c6000-7f131fbc5000 ---p 00009000 08:02 130831                     /lib/x86_64-linux-gnu/libnss_compat-2.19.so
7f131fbc5000-7f131fbc6000 r--p 00008000 08:02 130831                     /lib/x86_64-linux-gnu/libnss_compat-2.19.so
7f131fbc6000-7f131fbc7000 rw-p 00009000 08:02 130831                     /lib/x86_64-linux-gnu/libnss_compat-2.19.so
7f131fbc7000-7f131fbf0000 r-xp 00000000 08:02 684563                     /usr/lib/jvm/java-7-oracle/jre/lib/amd64/libjava.so
7f131fbf0000-7f131fdf0000 ---p 00029000 08:02 684563                     /usr/lib/jvm/java-7-oracle/jre/lib/amd64/libjava.so
7f131fdf0000-7f131fdf2000 rw-p 00029000 08:02 684563                     /usr/lib/jvm/java-7-oracle/jre/lib/amd64/libjava.so
7f131fdf2000-7f131fdff000 r-xp 00000000 08:02 684554                     /usr/lib/jvm/java-7-oracle/jre/lib/amd64/libverify.so
7f131fdff000-7f131fffe000 ---p 0000d000 08:02 684554                     /usr/lib/jvm/java-7-oracle/jre/lib/amd64/libverify.so
7f131fffe000-7f1320000000 rw-p 0000c000 08:02 684554                     /usr/lib/jvm/java-7-oracle/jre/lib/amd64/libverify.so
7f1320000000-7f1320025000 rw-p 00000000 00:00 0 
7f1320025000-7f1324000000 ---p 00000000 00:00 0 
7f1324024000-7f1324100000 rw-p 00000000 00:00 0 
7f1324100000-7f1324107000 r-xp 00000000 08:02 130849                     /lib/x86_64-linux-gnu/librt-2.19.so
7f1324107000-7f1324306000 ---p 00007000 08:02 130849                     /lib/x86_64-linux-gnu/librt-2.19.so
7f1324306000-7f1324307000 r--p 00006000 08:02 130849                     /lib/x86_64-linux-gnu/librt-2.19.so
7f1324307000-7f1324308000 rw-p 00007000 08:02 130849                     /lib/x86_64-linux-gnu/librt-2.19.so
7f1324308000-7f132440d000 r-xp 00000000 08:02 130813                     /lib/x86_64-linux-gnu/libm-2.19.so
7f132440d000-7f132460c000 ---p 00105000 08:02 130813                     /lib/x86_64-linux-gnu/libm-2.19.so
7f132460c000-7f132460d000 r--p 00104000 08:02 130813                     /lib/x86_64-linux-gnu/libm-2.19.so
7f132460d000-7f132460e000 rw-p 00105000 08:02 130813                     /lib/x86_64-linux-gnu/libm-2.19.so
7f132460e000-7f1325184000 r-xp 00000000 08:02 813663                     /usr/lib/jvm/java-7-oracle/jre/lib/amd64/server/libjvm.so
7f1325184000-7f1325383000 ---p 00b76000 08:02 813663                     /usr/lib/jvm/java-7-oracle/jre/lib/amd64/server/libjvm.so
7f1325383000-7f1325447000 rw-p 00b75000 08:02 813663                     /usr/lib/jvm/java-7-oracle/jre/lib/amd64/server/libjvm.so
7f1325447000-7f1325488000 rw-p 00000000 00:00 0 
7f1325488000-7f1325643000 r-xp 00000000 08:02 130843                     /lib/x86_64-linux-gnu/libc-2.19.so
7f1325643000-7f1325842000 ---p 001bb000 08:02 130843                     /lib/x86_64-linux-gnu/libc-2.19.so
7f1325842000-7f1325846000 r--p 001ba000 08:02 130843                     /lib/x86_64-linux-gnu/libc-2.19.so
7f1325846000-7f1325848000 rw-p 001be000 08:02 130843                     /lib/x86_64-linux-gnu/libc-2.19.so
7f1325848000-7f132584d000 rw-p 00000000 00:00 0 
7f132584d000-7f1325850000 r-xp 00000000 08:02 130821                     /lib/x86_64-linux-gnu/libdl-2.19.so
7f1325850000-7f1325a4f000 ---p 00003000 08:02 130821                     /lib/x86_64-linux-gnu/libdl-2.19.so
7f1325a4f000-7f1325a50000 r--p 00002000 08:02 130821                     /lib/x86_64-linux-gnu/libdl-2.19.so
7f1325a50000-7f1325a51000 rw-p 00003000 08:02 130821                     /lib/x86_64-linux-gnu/libdl-2.19.so
7f1325a51000-7f1325a66000 r-xp 00000000 08:02 684550                     /usr/lib/jvm/java-7-oracle/jre/lib/amd64/jli/libjli.so
7f1325a66000-7f1325c65000 ---p 00015000 08:02 684550                     /usr/lib/jvm/java-7-oracle/jre/lib/amd64/jli/libjli.so
7f1325c65000-7f1325c66000 rw-p 00014000 08:02 684550                     /usr/lib/jvm/java-7-oracle/jre/lib/amd64/jli/libjli.so
7f1325c66000-7f1325c7f000 r-xp 00000000 08:02 130845                     /lib/x86_64-linux-gnu/libpthread-2.19.so
7f1325c7f000-7f1325e7e000 ---p 00019000 08:02 130845                     /lib/x86_64-linux-gnu/libpthread-2.19.so
7f1325e7e000-7f1325e7f000 r--p 00018000 08:02 130845                     /lib/x86_64-linux-gnu/libpthread-2.19.so
7f1325e7f000-7f1325e80000 rw-p 00019000 08:02 130845                     /lib/x86_64-linux-gnu/libpthread-2.19.so
7f1325e80000-7f1325e84000 rw-p 00000000 00:00 0 
7f1325e84000-7f1325ea7000 r-xp 00000000 08:02 130837                     /lib/x86_64-linux-gnu/ld-2.19.so
7f1325ebe000-7f1325ec8000 rw-p 00000000 00:00 0 
7f1325ec8000-7f1325f7e000 rw-p 00000000 00:00 0 
7f1325f7e000-7f1325f81000 ---p 00000000 00:00 0 
7f1325f81000-7f1326083000 rw-p 00000000 00:00 0                          [stack:32224]
7f1326098000-7f132609a000 rw-p 00000000 00:00 0 
7f132609a000-7f13260a2000 rw-s 00000000 08:02 1044626                    /tmp/hsperfdata_davor/32179
7f13260a2000-7f13260a3000 rw-p 00000000 00:00 0 
7f13260a3000-7f13260a4000 r--p 00000000 00:00 0 
7f13260a4000-7f13260a6000 rw-p 00000000 00:00 0 
7f13260a6000-7f13260a7000 r--p 00022000 08:02 130837                     /lib/x86_64-linux-gnu/ld-2.19.so
7f13260a7000-7f13260a8000 rw-p 00023000 08:02 130837                     /lib/x86_64-linux-gnu/ld-2.19.so
7f13260a8000-7f13260a9000 rw-p 00000000 00:00 0 
7fffea17c000-7fffea19d000 rw-p 00000000 00:00 0                          [stack]
7fffea1fe000-7fffea200000 r-xp 00000000 00:00 0                          [vdso]
ffffffffff600000-ffffffffff601000 r-xp 00000000 00:00 0                  [vsyscall]

VM Arguments:
jvm_args: -Dactivator.home=/home/davor/activator-1.2.12 -Xms1024m -Xmx1024m -XX:PermSize=64m -XX:MaxPermSize=256m 
java_command: /home/davor/activator-1.2.12/activator-launch-1.2.12.jar clean update compile eclipse
Launcher Type: SUN_STANDARD

Environment Variables:
PATH=/usr/local/heroku/bin:/usr/local/sbin:/usr/local/bin:/usr/sbin:/usr/bin:/sbin:/bin:/usr/games:/usr/local/games:/home/davor/activator-1.2.12
USERNAME=davor
SHELL=/bin/bash
DISPLAY=:0

Signal Handlers:
SIGSEGV: [libjvm.so+0x9a3b20], sa_mask[0]=0x7ffbfeff, sa_flags=0x10000004
SIGBUS: [libjvm.so+0x9a3b20], sa_mask[0]=0x7ffbfeff, sa_flags=0x10000004
SIGFPE: [libjvm.so+0x81e740], sa_mask[0]=0x7ffbfeff, sa_flags=0x10000004
SIGPIPE: [libjvm.so+0x81e740], sa_mask[0]=0x7ffbfeff, sa_flags=0x10000004
SIGXFSZ: [libjvm.so+0x81e740], sa_mask[0]=0x7ffbfeff, sa_flags=0x10000004
SIGILL: [libjvm.so+0x81e740], sa_mask[0]=0x7ffbfeff, sa_flags=0x10000004
SIGUSR1: SIG_DFL, sa_mask[0]=0x00000000, sa_flags=0x00000000
SIGUSR2: [libjvm.so+0x81ffb0], sa_mask[0]=0x00000000, sa_flags=0x10000004
SIGHUP: SIG_DFL, sa_mask[0]=0x00000000, sa_flags=0x00000000
SIGINT: SIG_DFL, sa_mask[0]=0x00000000, sa_flags=0x00000000
SIGTERM: SIG_DFL, sa_mask[0]=0x00000000, sa_flags=0x00000000
SIGQUIT: SIG_DFL, sa_mask[0]=0x00000000, sa_flags=0x00000000


---------------  S Y S T E M  ---------------

OS:jessie/sid

uname:Linux 3.13.0-37-generic #64-Ubuntu SMP Mon Sep 22 21:28:38 UTC 2014 x86_64
libc:glibc 2.19 NPTL 2.19 
rlimit: STACK 8192k, CORE 0k, NPROC 62069, NOFILE 4096, AS infinity
load average:0.63 0.69 0.75

/proc/meminfo:
MemTotal:        8042868 kB
MemFree:          147588 kB
Buffers:           42696 kB
Cached:           890520 kB
SwapCached:            0 kB
Active:          6844664 kB
Inactive:         674392 kB
Active(anon):    6590672 kB
Inactive(anon):   412392 kB
Active(file):     253992 kB
Inactive(file):   262000 kB
Unevictable:          32 kB
Mlocked:              32 kB
SwapTotal:             0 kB
SwapFree:              0 kB
Dirty:               632 kB
Writeback:             0 kB
AnonPages:       6586168 kB
Mapped:           347324 kB
Shmem:            416664 kB
Slab:             150932 kB
SReclaimable:      99440 kB
SUnreclaim:        51492 kB
KernelStack:        7944 kB
PageTables:        82080 kB
NFS_Unstable:          0 kB
Bounce:                0 kB
WritebackTmp:          0 kB
CommitLimit:     4021432 kB
Committed_AS:   17251964 kB
VmallocTotal:   34359738367 kB
VmallocUsed:      563120 kB
VmallocChunk:   34359096956 kB
HardwareCorrupted:     0 kB
AnonHugePages:   1515520 kB
HugePages_Total:       0
HugePages_Free:        0
HugePages_Rsvd:        0
HugePages_Surp:        0
Hugepagesize:       2048 kB
DirectMap4k:       71420 kB
DirectMap2M:     8183808 kB


CPU:total 4 (2 cores per cpu, 2 threads per core) family 6 model 58 stepping 9, cmov, cx8, fxsr, mmx, sse, sse2, sse3, ssse3, sse4.1, sse4.2, popcnt, avx, aes, erms, ht, tsc, tscinvbit, tscinv

/proc/cpuinfo:
processor	: 0
vendor_id	: GenuineIntel
cpu family	: 6
model		: 58
model name	: Intel(R) Core(TM) i5-3210M CPU @ 2.50GHz
stepping	: 9
microcode	: 0x15
cpu MHz		: 1200.000
cache size	: 3072 KB
physical id	: 0
siblings	: 4
core id		: 0
cpu cores	: 2
apicid		: 0
initial apicid	: 0
fpu		: yes
fpu_exception	: yes
cpuid level	: 13
wp		: yes
flags		: fpu vme de pse tsc msr pae mce cx8 apic sep mtrr pge mca cmov pat pse36 clflush dts acpi mmx fxsr sse sse2 ss ht tm pbe syscall nx rdtscp lm constant_tsc arch_perfmon pebs bts rep_good nopl xtopology nonstop_tsc aperfmperf eagerfpu pni pclmulqdq dtes64 monitor ds_cpl vmx est tm2 ssse3 cx16 xtpr pdcm pcid sse4_1 sse4_2 x2apic popcnt tsc_deadline_timer aes xsave avx f16c rdrand lahf_lm ida arat epb xsaveopt pln pts dtherm tpr_shadow vnmi flexpriority ept vpid fsgsbase smep erms
bogomips	: 4988.41
clflush size	: 64
cache_alignment	: 64
address sizes	: 36 bits physical, 48 bits virtual
power management:

processor	: 1
vendor_id	: GenuineIntel
cpu family	: 6
model		: 58
model name	: Intel(R) Core(TM) i5-3210M CPU @ 2.50GHz
stepping	: 9
microcode	: 0x15
cpu MHz		: 2501.000
cache size	: 3072 KB
physical id	: 0
siblings	: 4
core id		: 0
cpu cores	: 2
apicid		: 1
initial apicid	: 1
fpu		: yes
fpu_exception	: yes
cpuid level	: 13
wp		: yes
flags		: fpu vme de pse tsc msr pae mce cx8 apic sep mtrr pge mca cmov pat pse36 clflush dts acpi mmx fxsr sse sse2 ss ht tm pbe syscall nx rdtscp lm constant_tsc arch_perfmon pebs bts rep_good nopl xtopology nonstop_tsc aperfmperf eagerfpu pni pclmulqdq dtes64 monitor ds_cpl vmx est tm2 ssse3 cx16 xtpr pdcm pcid sse4_1 sse4_2 x2apic popcnt tsc_deadline_timer aes xsave avx f16c rdrand lahf_lm ida arat epb xsaveopt pln pts dtherm tpr_shadow vnmi flexpriority ept vpid fsgsbase smep erms
bogomips	: 4988.41
clflush size	: 64
cache_alignment	: 64
address sizes	: 36 bits physical, 48 bits virtual
power management:

processor	: 2
vendor_id	: GenuineIntel
cpu family	: 6
model		: 58
model name	: Intel(R) Core(TM) i5-3210M CPU @ 2.50GHz
stepping	: 9
microcode	: 0x15
cpu MHz		: 1200.000
cache size	: 3072 KB
physical id	: 0
siblings	: 4
core id		: 1
cpu cores	: 2
apicid		: 2
initial apicid	: 2
fpu		: yes
fpu_exception	: yes
cpuid level	: 13
wp		: yes
flags		: fpu vme de pse tsc msr pae mce cx8 apic sep mtrr pge mca cmov pat pse36 clflush dts acpi mmx fxsr sse sse2 ss ht tm pbe syscall nx rdtscp lm constant_tsc arch_perfmon pebs bts rep_good nopl xtopology nonstop_tsc aperfmperf eagerfpu pni pclmulqdq dtes64 monitor ds_cpl vmx est tm2 ssse3 cx16 xtpr pdcm pcid sse4_1 sse4_2 x2apic popcnt tsc_deadline_timer aes xsave avx f16c rdrand lahf_lm ida arat epb xsaveopt pln pts dtherm tpr_shadow vnmi flexpriority ept vpid fsgsbase smep erms
bogomips	: 4988.41
clflush size	: 64
cache_alignment	: 64
address sizes	: 36 bits physical, 48 bits virtual
power management:

processor	: 3
vendor_id	: GenuineIntel
cpu family	: 6
model		: 58
model name	: Intel(R) Core(TM) i5-3210M CPU @ 2.50GHz
stepping	: 9
microcode	: 0x15
cpu MHz		: 2501.000
cache size	: 3072 KB
physical id	: 0
siblings	: 4
core id		: 1
cpu cores	: 2
apicid		: 3
initial apicid	: 3
fpu		: yes
fpu_exception	: yes
cpuid level	: 13
wp		: yes
flags		: fpu vme de pse tsc msr pae mce cx8 apic sep mtrr pge mca cmov pat pse36 clflush dts acpi mmx fxsr sse sse2 ss ht tm pbe syscall nx rdtscp lm constant_tsc arch_perfmon pebs bts rep_good nopl xtopology nonstop_tsc aperfmperf eagerfpu pni pclmulqdq dtes64 monitor ds_cpl vmx est tm2 ssse3 cx16 xtpr pdcm pcid sse4_1 sse4_2 x2apic popcnt tsc_deadline_timer aes xsave avx f16c rdrand lahf_lm ida arat epb xsaveopt pln pts dtherm tpr_shadow vnmi flexpriority ept vpid fsgsbase smep erms
bogomips	: 4988.41
clflush size	: 64
cache_alignment	: 64
address sizes	: 36 bits physical, 48 bits virtual
power management:



Memory: 4k page, physical 8042868k(147588k free), swap 0k(0k free)

vm_info: Java HotSpot(TM) 64-Bit Server VM (24.80-b11) for linux-amd64 JRE (1.7.0_80-b15), built on Apr 10 2015 19:53:14 by "java_re" with gcc 4.3.0 20080428 (Red Hat 4.3.0-8)

time: Sat May  2 15:29:27 2015
elapsed time: 0 seconds

